[ 2025-09-02 21:53:09,436 ] 239 root - INFO - Starting Data Transformation main execution
[ 2025-09-02 21:53:09,436 ] 51 root - INFO - Configuration file content:
project: churn_prediction
provider: local
registry: data/registry.db
online_store:
  type: sqlite
offline_store:
  type: file
entity_key_serialization_version: 2
[ 2025-09-02 21:53:09,451 ] 855 feast.infra.registry.registry - INFO - Registry cache expired, so refreshing
[ 2025-09-02 21:53:09,455 ] 54 root - INFO - Feature store initialized successfully
[ 2025-09-02 21:53:09,471 ] 98 root - INFO - Read train and test data completed
[ 2025-09-02 21:53:09,471 ] 99 root - INFO - Obtaining preprocessing object
[ 2025-09-02 21:53:09,471 ] 61 root - INFO - Data Transformation Started
[ 2025-09-02 21:53:09,472 ] 109 root - INFO - Applying preprocessing object on training and testing datasets.
[ 2025-09-02 21:53:09,490 ] 113 root - INFO - Starting feature store operations
[ 2025-09-02 21:53:09,513 ] 147 root - INFO - Saved feature data to feature_repo/data/train_features.parquet
[ 2025-09-02 21:53:09,514 ] 855 feast.infra.registry.registry - INFO - Registry cache expired, so refreshing
[ 2025-09-02 21:53:09,520 ] 187 root - INFO - Applied entity and feature view for train
[ 2025-09-02 21:53:09,521 ] 855 feast.infra.registry.registry - INFO - Registry cache expired, so refreshing
[ 2025-09-02 21:53:09,524 ] 855 feast.infra.registry.registry - INFO - Registry cache expired, so refreshing
[ 2025-09-02 21:53:09,525 ] 855 feast.infra.registry.registry - INFO - Registry cache expired, so refreshing
[ 2025-09-02 21:53:09,530 ] 195 root - ERROR - Error in push_features_to_store: An error occurred while calling the read_parquet method registered to the pandas backend.
Original Message: /home/fahad/Cline/model-training-with-modular-workflow/data/train_features.parquet
[ 2025-09-02 21:53:09,530 ] 51 root - ERROR - 
Error occurred in Python script:
→ File: src/components/data_transformation.py
→ Line number: 189
→ Error message: An error occurred while calling the read_parquet method registered to the pandas backend.
Original Message: /home/fahad/Cline/model-training-with-modular-workflow/data/train_features.parquet
[ 2025-09-02 21:53:09,531 ] 128 root - ERROR - Error in data transformation: 
Error occurred in Python script:
→ File: src/components/data_transformation.py
→ Line number: 189
→ Error message: An error occurred while calling the read_parquet method registered to the pandas backend.
Original Message: /home/fahad/Cline/model-training-with-modular-workflow/data/train_features.parquet
[ 2025-09-02 21:53:09,531 ] 51 root - ERROR - 
Error occurred in Python script:
→ File: src/components/data_transformation.py
→ Line number: 114
→ Error message: 
Error occurred in Python script:
→ File: src/components/data_transformation.py
→ Line number: 189
→ Error message: An error occurred while calling the read_parquet method registered to the pandas backend.
Original Message: /home/fahad/Cline/model-training-with-modular-workflow/data/train_features.parquet
