[ 2025-09-02 21:53:57,457 ] 284 root - INFO - Starting Data Transformation main execution
[ 2025-09-02 21:53:57,457 ] 50 root - INFO - Created feature store configuration at /home/fahad/Cline/model-training-with-modular-workflow/feature_repo/feature_store.yaml
[ 2025-09-02 21:53:57,457 ] 54 root - INFO - Configuration file content:
project: churn_prediction
provider: local
registry: data/registry.db
online_store:
  type: sqlite
offline_store:
  type: file
entity_key_serialization_version: 2
[ 2025-09-02 21:53:57,477 ] 855 feast.infra.registry.registry - INFO - Registry cache expired, so refreshing
[ 2025-09-02 21:53:57,484 ] 58 root - INFO - Feature store initialized successfully
[ 2025-09-02 21:53:57,506 ] 114 root - INFO - Read train and test data completed
[ 2025-09-02 21:53:57,506 ] 115 root - INFO - Obtaining preprocessing object
[ 2025-09-02 21:53:57,507 ] 66 root - INFO - Data Transformation Started
[ 2025-09-02 21:53:57,509 ] 132 root - INFO - Applying preprocessing object on training and testing datasets.
[ 2025-09-02 21:53:57,535 ] 137 root - INFO - Starting feature store operations
[ 2025-09-02 21:53:57,565 ] 182 root - INFO - Saved feature data to feature_repo/data/train_features.parquet
[ 2025-09-02 21:53:57,568 ] 855 feast.infra.registry.registry - INFO - Registry cache expired, so refreshing
[ 2025-09-02 21:53:57,578 ] 229 root - INFO - Applied entity and feature view for train
[ 2025-09-02 21:53:57,578 ] 855 feast.infra.registry.registry - INFO - Registry cache expired, so refreshing
[ 2025-09-02 21:53:57,582 ] 855 feast.infra.registry.registry - INFO - Registry cache expired, so refreshing
[ 2025-09-02 21:53:57,583 ] 855 feast.infra.registry.registry - INFO - Registry cache expired, so refreshing
[ 2025-09-02 21:53:57,589 ] 239 root - ERROR - Error in push_features_to_store: An error occurred while calling the read_parquet method registered to the pandas backend.
Original Message: /home/fahad/Cline/model-training-with-modular-workflow/data/train_features.parquet
[ 2025-09-02 21:53:57,589 ] 51 root - ERROR - 
Error occurred in Python script:
→ File: src/components/data_transformation.py
→ Line number: 232
→ Error message: An error occurred while calling the read_parquet method registered to the pandas backend.
Original Message: /home/fahad/Cline/model-training-with-modular-workflow/data/train_features.parquet
[ 2025-09-02 21:53:57,589 ] 157 root - ERROR - Error in data transformation: 
Error occurred in Python script:
→ File: src/components/data_transformation.py
→ Line number: 232
→ Error message: An error occurred while calling the read_parquet method registered to the pandas backend.
Original Message: /home/fahad/Cline/model-training-with-modular-workflow/data/train_features.parquet
[ 2025-09-02 21:53:57,590 ] 51 root - ERROR - 
Error occurred in Python script:
→ File: src/components/data_transformation.py
→ Line number: 140
→ Error message: 
Error occurred in Python script:
→ File: src/components/data_transformation.py
→ Line number: 232
→ Error message: An error occurred while calling the read_parquet method registered to the pandas backend.
Original Message: /home/fahad/Cline/model-training-with-modular-workflow/data/train_features.parquet
